<testsuites name="Snowshoe Metrics Dashboard Tests" tests="4" failures="0" time="4.074">
  <testsuite name="/src/test/MetricSection.test.js" errors="0" failures="0" skipped="0" timestamp="2018-04-09T14:37:49" time="3.63" tests="2">
    <testcase classname="&lt;MetricSection /&gt;-Loads a Metric Section" name="&lt;MetricSection /&gt;-Loads a Metric Section" time="0.01">
    </testcase>
    <testcase classname="&lt;MetricSection /&gt;-dynamically renders proper amount of metrics" name="&lt;MetricSection /&gt;-dynamically renders proper amount of metrics" time="0.024">
    </testcase>
  </testsuite>
  <testsuite name="/src/test/Homepage.test.js" errors="0" failures="0" skipped="0" timestamp="2018-04-09T14:37:53" time="0.296" tests="1">
    <testcase classname="&lt;Homepage /&gt;-renders three &lt;MetricSection /&gt; components" name="&lt;Homepage /&gt;-renders three &lt;MetricSection /&gt; components" time="0.001">
    </testcase>
  </testsuite>
  <testsuite name="/src/App.test.js" errors="0" failures="0" skipped="0" timestamp="2018-04-09T14:37:53" time="0.148" tests="1">
    <testcase classname="-renders without crashing" name="-renders without crashing" time="0.031">
    </testcase>
  </testsuite>
</testsuites>